<?xml version="1.0" encoding="UTF-8"?>
<testsuite xmlns:xsi="http://www.w3.org/2001/XMLSchema-instance" xsi:noNamespaceSchemaLocation="https://maven.apache.org/surefire/maven-surefire-plugin/xsd/surefire-test-report.xsd" name="com.stackroute.demojava.CalculatorAppTest" time="1.502" tests="7" errors="0" skipped="0" failures="0">
  <properties>
[...]
</properties>
  <testcase name="testAddZero" classname="com.stackroute.demojava.CalculatorAppTest" time="0.229"/>
  <testcase name="testAdd" classname="com.stackroute.demojava.CalculatorAppTest" time="0.168"/>
  <testcase name="testDiv" classname="com.stackroute.demojava.CalculatorAppTest" time="0.002"/>
  <testcase name="testMul" classname="com.stackroute.demojava.CalculatorAppTest" time="0"/>
  <testcase name="testSub" classname="com.stackroute.demojava.CalculatorAppTest" time="0.004"/>
  <testcase name="givennnumberonegreaterthannumbertwosubtraction" classname="com.stackroute.demojava.CalculatorAppTest" time="0"/>
  <testcase name="divbyzeroShouldreturnzero" classname="com.stackroute.demojava.CalculatorAppTest" time="0.001"/>
</testsuite>